#-----------------------------------------------------------
# PlanAhead v14.7 (64-bit)
# Build 321239 by xbuild on Fri Sep 27 19:29:51 MDT 2013
# Start of session at: Sat Nov 11 15:14:49 2017
# Process ID: 4304
# Log file: C:/Users/beemanca/Documents/Rose-Hulman/Fall 2017/Comp Arch/Comparch Project/Repo/Processor_Project/planAhead_run_5/planAhead.log
# Journal file: C:/Users/beemanca/Documents/Rose-Hulman/Fall 2017/Comp Arch/Comparch Project/Repo/Processor_Project/planAhead_run_5/planAhead.jou
#-----------------------------------------------------------
INFO: [Common 17-78] Attempting to get a license: PlanAhead
INFO: [Common 17-290] Got license for PlanAhead
INFO: [Common 17-86] Your PlanAhead license expires in -1046 day(s)
INFO: [Device 21-36] Loading parts and site information from C:/Xilinx/14.7/ISE_DS/PlanAhead/data/parts/arch.xml
Parsing RTL primitives file [C:/Xilinx/14.7/ISE_DS/PlanAhead/data/parts/xilinx/rtl/prims/rtl_prims.xml]
Finished parsing RTL primitives file [C:/Xilinx/14.7/ISE_DS/PlanAhead/data/parts/xilinx/rtl/prims/rtl_prims.xml]
start_gui
source {C:/Users/beemanca/Documents/Rose-Hulman/Fall 2017/Comp Arch/Comparch Project/Repo/Processor_Project/pa.fromNetlist.tcl}
# create_project -name Processor_Project -dir "C:/Users/beemanca/Documents/Rose-Hulman/Fall 2017/Comp Arch/Comparch Project/Repo/Processor_Project/planAhead_run_5" -part xc3s500efg320-4
# set_property design_mode GateLvl [get_property srcset [current_run -impl]]
# set_property edif_top_file "C:/Users/beemanca/Documents/Rose-Hulman/Fall 2017/Comp Arch/Comparch Project/Repo/Processor_Project/IO_Processor.ngc" [ get_property srcset [ current_run ] ]
# add_files -norecurse { {C:/Users/beemanca/Documents/Rose-Hulman/Fall 2017/Comp Arch/Comparch Project/Repo/Processor_Project} {ipcore_dir} }
# add_files [list {ipcore_dir/blockmem16kx1.ncf}] -fileset [get_property constrset [current_run]]
# add_files [list {ipcore_dir/debounce_counter.ncf}] -fileset [get_property constrset [current_run]]
# add_files [list {ipcore_dir/distrMemDualPort.ncf}] -fileset [get_property constrset [current_run]]
# add_files [list {ipcore_dir/dualportMem.ncf}] -fileset [get_property constrset [current_run]]
# add_files [list {ipcore_dir/IOcounter4.ncf}] -fileset [get_property constrset [current_run]]
# set_property target_constrs_file "IO_Processor.ucf" [current_fileset -constrset]
Adding file 'C:/Users/beemanca/Documents/Rose-Hulman/Fall 2017/Comp Arch/Comparch Project/Repo/Processor_Project/IO_Processor.ucf' to fileset 'constrs_1'
# add_files [list {IO_Processor.ucf}] -fileset [get_property constrset [current_run]]
# link_design
Design is defaulting to srcset: sources_1
Design is defaulting to constrset: constrs_1
Design is defaulting to project part: xc3s500efg320-4
Release 14.7 - ngc2edif P.20131013 (nt64)
Copyright (c) 1995-2013 Xilinx, Inc.  All rights reserved.
Reading design IO_Processor.ngc ...
WARNING:NetListWriters:298 - No output is written to IO_Processor.xncf, ignored.
Processing design ...
   Preping design's networks ...
   Preping design's macros ...
  finished :Prep
Writing EDIF netlist file IO_Processor.edif ...
ngc2edif: Total memory usage is 90144 kilobytes

Parsing EDIF File [./planAhead_run_5/Processor_Project.data/cache/IO_Processor_ngc_zx.edif]
Finished Parsing EDIF File [./planAhead_run_5/Processor_Project.data/cache/IO_Processor_ngc_zx.edif]
Release 14.7 - ngc2edif P.20131013 (nt64)
Copyright (c) 1995-2013 Xilinx, Inc.  All rights reserved.
Reading design IOcounter4.ngc ...
WARNING:NetListWriters:298 - No output is written to IOcounter4.xncf, ignored.
Processing design ...
   Preping design's networks ...
   Preping design's macros ...
  finished :Prep
Writing EDIF netlist file IOcounter4.edif ...
ngc2edif: Total memory usage is 90144 kilobytes

Reading core file 'C:/Users/beemanca/Documents/Rose-Hulman/Fall 2017/Comp Arch/Comparch Project/Repo/Processor_Project/ipcore_dir/IOcounter4.ngc' for (cell view 'IOcounter4', library 'IO_Processor_lib', file 'IO_Processor.ngc')
Parsing EDIF File [./planAhead_run_5/Processor_Project.data/cache/IOcounter4_ngc_zx.edif]
Finished Parsing EDIF File [./planAhead_run_5/Processor_Project.data/cache/IOcounter4_ngc_zx.edif]
Release 14.7 - ngc2edif P.20131013 (nt64)
Copyright (c) 1995-2013 Xilinx, Inc.  All rights reserved.
Reading design dualportMem.ngc ...
WARNING:NetListWriters:298 - No output is written to dualportMem.xncf, ignored.
Processing design ...
   Preping design's networks ...
   Preping design's macros ...
  finished :Prep
Writing EDIF netlist file dualportMem.edif ...
ngc2edif: Total memory usage is 86048 kilobytes

Reading core file 'C:/Users/beemanca/Documents/Rose-Hulman/Fall 2017/Comp Arch/Comparch Project/Repo/Processor_Project/ipcore_dir/dualportMem.ngc' for (cell view 'dualportMem', library 'IO_Processor_lib', file 'IO_Processor.ngc')
Parsing EDIF File [./planAhead_run_5/Processor_Project.data/cache/dualportMem_ngc_zx.edif]
Finished Parsing EDIF File [./planAhead_run_5/Processor_Project.data/cache/dualportMem_ngc_zx.edif]
Release 14.7 - ngc2edif P.20131013 (nt64)
Copyright (c) 1995-2013 Xilinx, Inc.  All rights reserved.
Reading design debounce_counter.ngc ...
WARNING:NetListWriters:298 - No output is written to debounce_counter.xncf,
   ignored.
Processing design ...
   Preping design's networks ...
   Preping design's macros ...
  finished :Prep
Writing EDIF netlist file debounce_counter.edif ...
ngc2edif: Total memory usage is 90144 kilobytes

Reading core file 'C:/Users/beemanca/Documents/Rose-Hulman/Fall 2017/Comp Arch/Comparch Project/Repo/Processor_Project/ipcore_dir/debounce_counter.ngc' for (cell view 'debounce_counter', library 'IO_Processor_lib', file 'IO_Processor.ngc')
Parsing EDIF File [./planAhead_run_5/Processor_Project.data/cache/debounce_counter_ngc_zx.edif]
Finished Parsing EDIF File [./planAhead_run_5/Processor_Project.data/cache/debounce_counter_ngc_zx.edif]
INFO: [Designutils 20-910] Reading macro library C:/Xilinx/14.7/ISE_DS/PlanAhead/data\./parts/xilinx/spartan3e/spartan3e/hd_int_macros.edn
Parsing EDIF File [C:/Xilinx/14.7/ISE_DS/PlanAhead/data\./parts/xilinx/spartan3e/spartan3e/hd_int_macros.edn]
Finished Parsing EDIF File [C:/Xilinx/14.7/ISE_DS/PlanAhead/data\./parts/xilinx/spartan3e/spartan3e/hd_int_macros.edn]
WARNING: [Netlist 29-43] Netlist 'IO_Processor' is not ideal for floorplanning, since the cellview 'IO_Processor' defined in file 'IO_Processor.ngc' contains large number of primitives.  Please consider enabling hierarchy in synthesis if you want to do floorplanning.
Loading clock regions from C:/Xilinx/14.7/ISE_DS/PlanAhead/data\parts/xilinx/spartan3e/spartan3e/xc3s500e/ClockRegion.xml
Loading clock buffers from C:/Xilinx/14.7/ISE_DS/PlanAhead/data\parts/xilinx/spartan3e/spartan3e/xc3s500e/ClockBuffers.xml
Loading package from C:/Xilinx/14.7/ISE_DS/PlanAhead/data\parts/xilinx/spartan3e/spartan3e/xc3s500e/fg320/Package.xml
Loading io standards from C:/Xilinx/14.7/ISE_DS/PlanAhead/data\./parts/xilinx/spartan3e/IOStandards.xml
INFO: [Device 21-19] Loading pkg sso from C:/Xilinx/14.7/ISE_DS/PlanAhead/data\parts/xilinx/spartan3e/spartan3e/xc3s500e/fg320/SSORules.xml
Loading list of drcs for the architecture : C:/Xilinx/14.7/ISE_DS/PlanAhead/data\./parts/xilinx/spartan3e/spartan3e/drc.xml
INFO: [Timing 38-77] Reading timing library C:/Xilinx/14.7/ISE_DS/PlanAhead/data\parts/xilinx/spartan3e/spartan3e/spartan3e-4.lib.
INFO: [Timing 38-34] Done reading timing library C:/Xilinx/14.7/ISE_DS/PlanAhead/data\parts/xilinx/spartan3e/spartan3e/spartan3e-4.lib.
Parsing UCF File [C:/Users/beemanca/Documents/Rose-Hulman/Fall 2017/Comp Arch/Comparch Project/Repo/Processor_Project/ipcore_dir/debounce_counter.ncf]
Finished Parsing UCF File [C:/Users/beemanca/Documents/Rose-Hulman/Fall 2017/Comp Arch/Comparch Project/Repo/Processor_Project/ipcore_dir/debounce_counter.ncf]
Parsing UCF File [C:/Users/beemanca/Documents/Rose-Hulman/Fall 2017/Comp Arch/Comparch Project/Repo/Processor_Project/ipcore_dir/debounce_counter.ncf]
Finished Parsing UCF File [C:/Users/beemanca/Documents/Rose-Hulman/Fall 2017/Comp Arch/Comparch Project/Repo/Processor_Project/ipcore_dir/debounce_counter.ncf]
Parsing UCF File [C:/Users/beemanca/Documents/Rose-Hulman/Fall 2017/Comp Arch/Comparch Project/Repo/Processor_Project/ipcore_dir/dualportMem.ncf]
Finished Parsing UCF File [C:/Users/beemanca/Documents/Rose-Hulman/Fall 2017/Comp Arch/Comparch Project/Repo/Processor_Project/ipcore_dir/dualportMem.ncf]
Parsing UCF File [C:/Users/beemanca/Documents/Rose-Hulman/Fall 2017/Comp Arch/Comparch Project/Repo/Processor_Project/ipcore_dir/IOcounter4.ncf]
Finished Parsing UCF File [C:/Users/beemanca/Documents/Rose-Hulman/Fall 2017/Comp Arch/Comparch Project/Repo/Processor_Project/ipcore_dir/IOcounter4.ncf]
Parsing UCF File [C:/Users/beemanca/Documents/Rose-Hulman/Fall 2017/Comp Arch/Comparch Project/Repo/Processor_Project/ipcore_dir/IOcounter4.ncf]
Finished Parsing UCF File [C:/Users/beemanca/Documents/Rose-Hulman/Fall 2017/Comp Arch/Comparch Project/Repo/Processor_Project/ipcore_dir/IOcounter4.ncf]
Parsing UCF File [C:/Users/beemanca/Documents/Rose-Hulman/Fall 2017/Comp Arch/Comparch Project/Repo/Processor_Project/ipcore_dir/IOcounter4.ncf]
Finished Parsing UCF File [C:/Users/beemanca/Documents/Rose-Hulman/Fall 2017/Comp Arch/Comparch Project/Repo/Processor_Project/ipcore_dir/IOcounter4.ncf]
Parsing UCF File [C:/Users/beemanca/Documents/Rose-Hulman/Fall 2017/Comp Arch/Comparch Project/Repo/Processor_Project/ipcore_dir/IOcounter4.ncf]
Finished Parsing UCF File [C:/Users/beemanca/Documents/Rose-Hulman/Fall 2017/Comp Arch/Comparch Project/Repo/Processor_Project/ipcore_dir/IOcounter4.ncf]
Parsing UCF File [C:/Users/beemanca/Documents/Rose-Hulman/Fall 2017/Comp Arch/Comparch Project/Repo/Processor_Project/IO_Processor.ucf]
Finished Parsing UCF File [C:/Users/beemanca/Documents/Rose-Hulman/Fall 2017/Comp Arch/Comparch Project/Repo/Processor_Project/IO_Processor.ucf]
INFO: [Project 1-111] Unisim Transformation Summary:
No Unisim elements were transformed.

Phase 0 | Netlist Checksum: 0d7bf3f2
link_design: Time (s): elapsed = 00:00:09 . Memory (MB): peak = 572.914 ; gain = 119.531
startgroup
set_property package_pin V4 [get_ports a_button]
endgroup
set_property iostandard LVTTL [get_ports [list a_button]]
startgroup
set_property package_pin K18 [get_ports a_button]
endgroup
set_property pulltype PULLUP [get_ports [list a_button]]
startgroup
set_property package_pin G18 [get_ports b_button]
endgroup
set_property iostandard LVTTL [get_ports [list b_button]]
set_property pulltype PULLUP [get_ports [list b_button]]
startgroup
set_property package_pin V16 [get_ports Rot_btn]
endgroup
set_property iostandard LVTTL [get_ports [list Rot_btn]]
set_property pulltype PULLDOWN [get_ports [list Rot_btn]]
startgroup
set_property package_pin F12 [get_ports led0]
endgroup
set_property iostandard LVTTL [get_ports [list led0]]
set_property drive 4 [get_ports [list led0]]
set_property slew FAST [get_ports [list led0]]
startgroup
set_property package_pin L13 [get_ports switch1]
endgroup
set_property iostandard LVTTL [get_ports [list switch1]]
set_property pulltype PULLUP [get_ports [list switch1]]
save_constraints
exit
ERROR: [PlanAhead 12-106] *** Exception: ui.h.b: Found deleted key in HTclEventBroker. Verify if the classes listed here call cleanup()
HTclEvent: SIGNAL_BUS_MODIFY   Classes: ui.views.aR 
HTclEvent: DEBUG_CORE_CONFIG_CHANGE   Classes: ui.views.aR 
HTclEvent: SIGNAL_MODIFY   Classes: ui.views.aR 
HTclEvent: DEBUG_PORT_CONFIG_CHANGE   Classes: ui.views.aR 
 (See C:/Users/beemanca/Documents/Rose-Hulman/Fall 2017/Comp Arch/Comparch Project/Repo/Processor_Project\planAhead_pid4304.debug)
ERROR: [Common 17-39] 'stop_gui' failed due to earlier errors.
INFO: [Common 17-206] Exiting PlanAhead at Sat Nov 11 15:19:19 2017...
INFO: [Common 17-83] Releasing license: PlanAhead
