INFO:sim:172 - Generating IP...
WARNING:sim - Verilog simulation file type 'Behavioral' is not valid for this
   core. Overriding with simulation file type 'Structural'.
Resolving generics for 'IOcounter4'...
WARNING:sim - Verilog simulation file type 'Behavioral' is not valid for this
   core. Overriding with simulation file type 'Structural'.
Applying external generics to 'IOcounter4'...
Delivering associated files for 'IOcounter4'...
Generating implementation netlist for 'IOcounter4'...
INFO:sim - Pre-processing HDL files for 'IOcounter4'...
Running synthesis for 'IOcounter4'
Running ngcbuild...
Writing VEO instantiation template for 'IOcounter4'...
WARNING:sim - Verilog simulation file type 'Behavioral' is not valid for this
   core. Overriding with simulation file type 'Structural'.
Writing Verilog structural simulation model for 'IOcounter4'...
WARNING:sim - Verilog simulation file type 'Behavioral' is not valid for this
   core. Overriding with simulation file type 'Structural'.
Delivered 3 files into directory C:/Users/beemanca/Documents/Rose-Hulman/Fall
2017/Comp Arch/Comparch
Project/Repo/Processor_Project/ipcore_dir/tmp/_cg/IOcounter4
Delivered 1 file into directory C:/Users/beemanca/Documents/Rose-Hulman/Fall
2017/Comp Arch/Comparch
Project/Repo/Processor_Project/ipcore_dir/tmp/_cg/IOcounter4
Generating ASY schematic symbol...
INFO:sim:949 - Finished generation of ASY schematic symbol.
Generating SYM schematic symbol for 'IOcounter4'...
Generating metadata file...
Generating ISE project file for 'IOcounter4'...
Generating ISE project...
XCO file found: IOcounter4.xco
XMDF file found: IOcounter4_xmdf.tcl
Adding C:/Users/beemanca/Documents/Rose-Hulman/Fall 2017/Comp Arch/Comparch
Project/Repo/Processor_Project/ipcore_dir/tmp/_cg/IOcounter4.asy -view all
-origin_type imported
Adding C:/Users/beemanca/Documents/Rose-Hulman/Fall 2017/Comp Arch/Comparch
Project/Repo/Processor_Project/ipcore_dir/tmp/_cg/IOcounter4.ngc -view all
-origin_type created
Checking file "C:/Users/beemanca/Documents/Rose-Hulman/Fall 2017/Comp
Arch/Comparch Project/Repo/Processor_Project/ipcore_dir/tmp/_cg/IOcounter4.ngc"
for project device match ...
File "C:/Users/beemanca/Documents/Rose-Hulman/Fall 2017/Comp Arch/Comparch
Project/Repo/Processor_Project/ipcore_dir/tmp/_cg/IOcounter4.ngc" device
information matches project device.
Adding C:/Users/beemanca/Documents/Rose-Hulman/Fall 2017/Comp Arch/Comparch
Project/Repo/Processor_Project/ipcore_dir/tmp/_cg/IOcounter4.sym -view all
-origin_type imported
Adding C:/Users/beemanca/Documents/Rose-Hulman/Fall 2017/Comp Arch/Comparch
Project/Repo/Processor_Project/ipcore_dir/tmp/_cg/IOcounter4.v -view all
-origin_type created
INFO:HDLCompiler:1845 - Analyzing Verilog file
   "C:/Users/beemanca/Documents/Rose-Hulman/Fall 2017/Comp Arch/Comparch
   Project/Repo/Processor_Project/ipcore_dir/tmp/_cg/IOcounter4.v" into library
   work
INFO:ProjectMgmt - Parsing design hierarchy completed successfully.
Adding C:/Users/beemanca/Documents/Rose-Hulman/Fall 2017/Comp Arch/Comparch
Project/Repo/Processor_Project/ipcore_dir/tmp/_cg/IOcounter4.veo -view all
-origin_type imported
Adding C:/Users/beemanca/Documents/Rose-Hulman/Fall 2017/Comp Arch/Comparch
Project/Repo/Processor_Project/ipcore_dir/tmp/_cg/core_resources.txt -view all
-origin_type imported
Adding C:/Users/beemanca/Documents/Rose-Hulman/Fall 2017/Comp Arch/Comparch
Project/Repo/Processor_Project/ipcore_dir/tmp/_cg/gui_latency.txt -view all
-origin_type imported
INFO:TclTasksC:2116 - The automatic calculation of top has been turned-off.
   Please set the new top explicitly by running the "project set top" command.
   To re-calculate the new top automatically, set the "Auto Implementation Top"
   property to true.
Top level has been set to "/IOcounter4"
Generating README file...
Generating FLIST file...
INFO:sim:948 - Finished FLIST file generation.
Launching README viewer...
Moving files to output directory...
Finished moving files to output directory
Wrote CGP file for project 'IOcounter4'.
