--------------------------------------------------------------------------------
Release 14.7 Trace  (nt64)
Copyright (c) 1995-2013 Xilinx, Inc.  All rights reserved.

C:\Xilinx\14.7\ISE_DS\ISE\bin\nt64\unwrapped\trce.exe -intstyle ise -v 3 -s 4
-n 3 -fastpaths -xml Mux_4bit_2i_1o.twx Mux_4bit_2i_1o.ncd -o
Mux_4bit_2i_1o.twr Mux_4bit_2i_1o.pcf

Design file:              Mux_4bit_2i_1o.ncd
Physical constraint file: Mux_4bit_2i_1o.pcf
Device,package,speed:     xc3s500e,fg320,-4 (PRODUCTION 1.27 2013-10-13)
Report level:             verbose report

Environment Variable      Effect 
--------------------      ------ 
NONE                      No environment variables were set
--------------------------------------------------------------------------------

INFO:Timing:2698 - No timing constraints found, doing default enumeration.
INFO:Timing:3412 - To improve timing, see the Timing Closure User Guide (UG612).
INFO:Timing:2752 - To get complete path coverage, use the unconstrained paths 
   option. All paths that are not constrained will be reported in the 
   unconstrained paths section(s) of the report.
INFO:Timing:3339 - The clock-to-out numbers in this timing report are based on 
   a 50 Ohm transmission line loading model.  For the details of this model, 
   and for more information on accounting for different loading conditions, 
   please see the device datasheet.
INFO:Timing:3390 - This architecture does not support a default System Jitter 
   value, please add SYSTEM_JITTER constraint to the UCF to modify the Clock 
   Uncertainty calculation.
INFO:Timing:3389 - This architecture does not support 'Discrete Jitter' and 
   'Phase Error' calculations, these terms will be zero in the Clock 
   Uncertainty calculation.  Please make appropriate modification to 
   SYSTEM_JITTER to account for the unsupported Discrete Jitter and Phase 
   Error.



Data Sheet report:
-----------------
All values displayed in nanoseconds (ns)

Pad to Pad
---------------+---------------+---------+
Source Pad     |Destination Pad|  Delay  |
---------------+---------------+---------+
a<0>           |r<0>           |    6.256|
a<1>           |r<1>           |    6.211|
a<2>           |r<2>           |    6.160|
a<3>           |r<3>           |    6.107|
b<0>           |r<0>           |    6.546|
b<1>           |r<1>           |    6.162|
b<2>           |r<2>           |    6.109|
b<3>           |r<3>           |    5.948|
s              |r<0>           |    6.420|
s              |r<1>           |    6.174|
s              |r<2>           |    7.281|
s              |r<3>           |    7.240|
---------------+---------------+---------+


Analysis completed Sun Oct 22 15:48:57 2017 
--------------------------------------------------------------------------------

Trace Settings:
-------------------------
Trace Settings 

Peak Memory Usage: 183 MB



