Release 14.7 - ngc2edif P.20131013 (nt64)
Copyright (c) 1995-2013 Xilinx, Inc.  All rights reserved.
Reading design Processor_Integration_7.ngc ...
WARNING:NetListWriters:298 - No output is written to
   Processor_Integration_7.xncf, ignored.
Processing design ...
   Preping design's networks ...
   Preping design's macros ...
WARNING:NetListWriters:306 - Signal bus Control/state<20 : 0> on block
   Processor_Integration_7 is not reconstructed, because there are some missing
   bus signals.
WARNING:NetListWriters:306 - Signal bus XLXN_98<15 : 0> on block
   Processor_Integration_7 is not reconstructed, because there are some missing
   bus signals.
  finished :Prep
Writing EDIF netlist file Processor_Integration_7.edif ...
ngc2edif: Total memory usage is 90648 kilobytes

Release 14.7 - ngc2edif P.20131013 (nt64)
Copyright (c) 1995-2013 Xilinx, Inc.  All rights reserved.
Reading design dualportMem.ngc ...
WARNING:NetListWriters:298 - No output is written to dualportMem.xncf, ignored.
Processing design ...
   Preping design's networks ...
   Preping design's macros ...
  finished :Prep
Writing EDIF netlist file dualportMem.edif ...
ngc2edif: Total memory usage is 86048 kilobytes

Release 14.7 - ngc2edif P.20131013 (nt64)
Copyright (c) 1995-2013 Xilinx, Inc.  All rights reserved.
Reading design testttt.ngc ...
WARNING:NetListWriters:298 - No output is written to testttt.xncf, ignored.
Processing design ...
   Preping design's networks ...
   Preping design's macros ...
  finished :Prep
Writing EDIF netlist file testttt.edif ...
ngc2edif: Total memory usage is 76724 kilobytes

Release 14.7 - ngc2edif P.20131013 (nt64)
Copyright (c) 1995-2013 Xilinx, Inc.  All rights reserved.
Reading design IO_Processor.ngc ...
WARNING:NetListWriters:298 - No output is written to IO_Processor.xncf, ignored.
Processing design ...
   Preping design's networks ...
   Preping design's macros ...
  finished :Prep
Writing EDIF netlist file IO_Processor.edif ...
ngc2edif: Total memory usage is 76596 kilobytes

Release 14.7 - ngc2edif P.20131013 (nt64)
Copyright (c) 1995-2013 Xilinx, Inc.  All rights reserved.
Reading design dualportMem.ngc ...
WARNING:NetListWriters:298 - No output is written to dualportMem.xncf, ignored.
Processing design ...
   Preping design's networks ...
   Preping design's macros ...
  finished :Prep
Writing EDIF netlist file dualportMem.edif ...
ngc2edif: Total memory usage is 75700 kilobytes

Release 14.7 - ngc2edif P.20131013 (nt64)
Copyright (c) 1995-2013 Xilinx, Inc.  All rights reserved.
Reading design debounce_counter.ngc ...
WARNING:NetListWriters:298 - No output is written to debounce_counter.xncf,
   ignored.
Processing design ...
   Preping design's networks ...
   Preping design's macros ...
  finished :Prep
Writing EDIF netlist file debounce_counter.edif ...
ngc2edif: Total memory usage is 76276 kilobytes

Release 14.7 - ngc2edif P.20131013 (nt64)
Copyright (c) 1995-2013 Xilinx, Inc.  All rights reserved.
Reading design IO_Processor.ngc ...
WARNING:NetListWriters:298 - No output is written to IO_Processor.xncf, ignored.
Processing design ...
   Preping design's networks ...
   Preping design's macros ...
  finished :Prep
Writing EDIF netlist file IO_Processor.edif ...
ngc2edif: Total memory usage is 78772 kilobytes

Release 14.7 - ngc2edif P.20131013 (nt64)
Copyright (c) 1995-2013 Xilinx, Inc.  All rights reserved.
Reading design dualportMem.ngc ...
WARNING:NetListWriters:298 - No output is written to dualportMem.xncf, ignored.
Processing design ...
   Preping design's networks ...
   Preping design's macros ...
  finished :Prep
Writing EDIF netlist file dualportMem.edif ...
ngc2edif: Total memory usage is 75508 kilobytes

Release 14.7 - ngc2edif P.20131013 (nt64)
Copyright (c) 1995-2013 Xilinx, Inc.  All rights reserved.
Reading design debounce_counter.ngc ...
WARNING:NetListWriters:298 - No output is written to debounce_counter.xncf,
   ignored.
Processing design ...
   Preping design's networks ...
   Preping design's macros ...
  finished :Prep
Writing EDIF netlist file debounce_counter.edif ...
ngc2edif: Total memory usage is 75700 kilobytes

Release 14.7 - ngc2edif P.20131013 (nt64)
Copyright (c) 1995-2013 Xilinx, Inc.  All rights reserved.
Reading design dualportMem.ngc ...
WARNING:NetListWriters:298 - No output is written to dualportMem.xncf, ignored.
Processing design ...
   Preping design's networks ...
   Preping design's macros ...
  finished :Prep
Writing EDIF netlist file dualportMem.edif ...
ngc2edif: Total memory usage is 75700 kilobytes

Release 14.7 - ngc2edif P.20131013 (nt64)
Copyright (c) 1995-2013 Xilinx, Inc.  All rights reserved.
Reading design debounce_counter.ngc ...
WARNING:NetListWriters:298 - No output is written to debounce_counter.xncf,
   ignored.
Processing design ...
   Preping design's networks ...
   Preping design's macros ...
  finished :Prep
Writing EDIF netlist file debounce_counter.edif ...
ngc2edif: Total memory usage is 76532 kilobytes

Release 14.7 - ngc2edif P.20131013 (nt64)
Copyright (c) 1995-2013 Xilinx, Inc.  All rights reserved.
Reading design dualportMem.ngc ...
WARNING:NetListWriters:298 - No output is written to dualportMem.xncf, ignored.
Processing design ...
   Preping design's networks ...
   Preping design's macros ...
  finished :Prep
Writing EDIF netlist file dualportMem.edif ...
ngc2edif: Total memory usage is 75892 kilobytes

Release 14.7 - ngc2edif P.20131013 (nt64)
Copyright (c) 1995-2013 Xilinx, Inc.  All rights reserved.
Reading design debounce_counter.ngc ...
WARNING:NetListWriters:298 - No output is written to debounce_counter.xncf,
   ignored.
Processing design ...
   Preping design's networks ...
   Preping design's macros ...
  finished :Prep
Writing EDIF netlist file debounce_counter.edif ...
ngc2edif: Total memory usage is 75700 kilobytes

Release 14.7 - ngc2edif P.20131013 (nt64)
Copyright (c) 1995-2013 Xilinx, Inc.  All rights reserved.
Reading design dualportMem.ngc ...
WARNING:NetListWriters:298 - No output is written to dualportMem.xncf, ignored.
Processing design ...
   Preping design's networks ...
   Preping design's macros ...
  finished :Prep
Writing EDIF netlist file dualportMem.edif ...
ngc2edif: Total memory usage is 75700 kilobytes

Release 14.7 - ngc2edif P.20131013 (nt64)
Copyright (c) 1995-2013 Xilinx, Inc.  All rights reserved.
Reading design debounce_counter.ngc ...
WARNING:NetListWriters:298 - No output is written to debounce_counter.xncf,
   ignored.
Processing design ...
   Preping design's networks ...
   Preping design's macros ...
  finished :Prep
Writing EDIF netlist file debounce_counter.edif ...
ngc2edif: Total memory usage is 75700 kilobytes

Release 14.7 - ngc2edif P.20131013 (nt64)
Copyright (c) 1995-2013 Xilinx, Inc.  All rights reserved.
Reading design IO_Processor.ngc ...
WARNING:NetListWriters:298 - No output is written to IO_Processor.xncf, ignored.
Processing design ...
   Preping design's networks ...
   Preping design's macros ...
  finished :Prep
Writing EDIF netlist file IO_Processor.edif ...
ngc2edif: Total memory usage is 78772 kilobytes

Release 14.7 - ngc2edif P.20131013 (nt64)
Copyright (c) 1995-2013 Xilinx, Inc.  All rights reserved.
Reading design dualportMem.ngc ...
WARNING:NetListWriters:298 - No output is written to dualportMem.xncf, ignored.
Processing design ...
   Preping design's networks ...
   Preping design's macros ...
  finished :Prep
Writing EDIF netlist file dualportMem.edif ...
ngc2edif: Total memory usage is 75700 kilobytes

Release 14.7 - ngc2edif P.20131013 (nt64)
Copyright (c) 1995-2013 Xilinx, Inc.  All rights reserved.
Reading design debounce_counter.ngc ...
WARNING:NetListWriters:298 - No output is written to debounce_counter.xncf,
   ignored.
Processing design ...
   Preping design's networks ...
   Preping design's macros ...
  finished :Prep
Writing EDIF netlist file debounce_counter.edif ...
ngc2edif: Total memory usage is 75700 kilobytes

Release 14.7 - ngc2edif P.20131013 (nt64)
Copyright (c) 1995-2013 Xilinx, Inc.  All rights reserved.
Reading design dualportMem.ngc ...
WARNING:NetListWriters:298 - No output is written to dualportMem.xncf, ignored.
Processing design ...
   Preping design's networks ...
   Preping design's macros ...
  finished :Prep
Writing EDIF netlist file dualportMem.edif ...
ngc2edif: Total memory usage is 75700 kilobytes

Release 14.7 - ngc2edif P.20131013 (nt64)
Copyright (c) 1995-2013 Xilinx, Inc.  All rights reserved.
Reading design debounce_counter.ngc ...
WARNING:NetListWriters:298 - No output is written to debounce_counter.xncf,
   ignored.
Processing design ...
   Preping design's networks ...
   Preping design's macros ...
  finished :Prep
Writing EDIF netlist file debounce_counter.edif ...
ngc2edif: Total memory usage is 75700 kilobytes

Release 14.7 - ngc2edif P.20131013 (nt64)
Copyright (c) 1995-2013 Xilinx, Inc.  All rights reserved.
Reading design dualportMem.ngc ...
WARNING:NetListWriters:298 - No output is written to dualportMem.xncf, ignored.
Processing design ...
   Preping design's networks ...
   Preping design's macros ...
  finished :Prep
Writing EDIF netlist file dualportMem.edif ...
ngc2edif: Total memory usage is 75700 kilobytes

Release 14.7 - ngc2edif P.20131013 (nt64)
Copyright (c) 1995-2013 Xilinx, Inc.  All rights reserved.
Reading design debounce_counter.ngc ...
WARNING:NetListWriters:298 - No output is written to debounce_counter.xncf,
   ignored.
Processing design ...
   Preping design's networks ...
   Preping design's macros ...
  finished :Prep
Writing EDIF netlist file debounce_counter.edif ...
ngc2edif: Total memory usage is 75700 kilobytes

Release 14.7 - ngc2edif P.20131013 (nt64)
Copyright (c) 1995-2013 Xilinx, Inc.  All rights reserved.
Reading design IO_Processor.ngc ...
WARNING:NetListWriters:298 - No output is written to IO_Processor.xncf, ignored.
Processing design ...
   Preping design's networks ...
   Preping design's macros ...
  finished :Prep
Writing EDIF netlist file IO_Processor.edif ...
ngc2edif: Total memory usage is 78772 kilobytes

Release 14.7 - ngc2edif P.20131013 (nt64)
Copyright (c) 1995-2013 Xilinx, Inc.  All rights reserved.
Reading design dualportMem.ngc ...
WARNING:NetListWriters:298 - No output is written to dualportMem.xncf, ignored.
Processing design ...
   Preping design's networks ...
   Preping design's macros ...
  finished :Prep
Writing EDIF netlist file dualportMem.edif ...
ngc2edif: Total memory usage is 75700 kilobytes

Release 14.7 - ngc2edif P.20131013 (nt64)
Copyright (c) 1995-2013 Xilinx, Inc.  All rights reserved.
Reading design debounce_counter.ngc ...
WARNING:NetListWriters:298 - No output is written to debounce_counter.xncf,
   ignored.
Processing design ...
   Preping design's networks ...
   Preping design's macros ...
  finished :Prep
Writing EDIF netlist file debounce_counter.edif ...
ngc2edif: Total memory usage is 75700 kilobytes

Release 14.7 - ngc2edif P.20131013 (nt64)
Copyright (c) 1995-2013 Xilinx, Inc.  All rights reserved.
Reading design dualportMem.ngc ...
WARNING:NetListWriters:298 - No output is written to dualportMem.xncf, ignored.
Processing design ...
   Preping design's networks ...
   Preping design's macros ...
  finished :Prep
Writing EDIF netlist file dualportMem.edif ...
ngc2edif: Total memory usage is 76340 kilobytes

Release 14.7 - ngc2edif P.20131013 (nt64)
Copyright (c) 1995-2013 Xilinx, Inc.  All rights reserved.
Reading design debounce_counter.ngc ...
WARNING:NetListWriters:298 - No output is written to debounce_counter.xncf,
   ignored.
Processing design ...
   Preping design's networks ...
   Preping design's macros ...
  finished :Prep
Writing EDIF netlist file debounce_counter.edif ...
ngc2edif: Total memory usage is 76532 kilobytes

Release 14.7 - ngc2edif P.20131013 (nt64)
Copyright (c) 1995-2013 Xilinx, Inc.  All rights reserved.
Reading design dualportMem.ngc ...
WARNING:NetListWriters:298 - No output is written to dualportMem.xncf, ignored.
Processing design ...
   Preping design's networks ...
   Preping design's macros ...
  finished :Prep
Writing EDIF netlist file dualportMem.edif ...
ngc2edif: Total memory usage is 75700 kilobytes

Release 14.7 - ngc2edif P.20131013 (nt64)
Copyright (c) 1995-2013 Xilinx, Inc.  All rights reserved.
Reading design debounce_counter.ngc ...
WARNING:NetListWriters:298 - No output is written to debounce_counter.xncf,
   ignored.
Processing design ...
   Preping design's networks ...
   Preping design's macros ...
  finished :Prep
Writing EDIF netlist file debounce_counter.edif ...
ngc2edif: Total memory usage is 75700 kilobytes

Release 14.7 - ngc2edif P.20131013 (nt64)
Copyright (c) 1995-2013 Xilinx, Inc.  All rights reserved.
Reading design dualportMem.ngc ...
WARNING:NetListWriters:298 - No output is written to dualportMem.xncf, ignored.
Processing design ...
   Preping design's networks ...
   Preping design's macros ...
  finished :Prep
Writing EDIF netlist file dualportMem.edif ...
ngc2edif: Total memory usage is 75700 kilobytes

Release 14.7 - ngc2edif P.20131013 (nt64)
Copyright (c) 1995-2013 Xilinx, Inc.  All rights reserved.
Reading design debounce_counter.ngc ...
WARNING:NetListWriters:298 - No output is written to debounce_counter.xncf,
   ignored.
Processing design ...
   Preping design's networks ...
   Preping design's macros ...
  finished :Prep
Writing EDIF netlist file debounce_counter.edif ...
ngc2edif: Total memory usage is 75700 kilobytes

Release 14.7 - ngc2edif P.20131013 (nt64)
Copyright (c) 1995-2013 Xilinx, Inc.  All rights reserved.
Reading design IO_Processor.ngc ...
WARNING:NetListWriters:298 - No output is written to IO_Processor.xncf, ignored.
Processing design ...
   Preping design's networks ...
   Preping design's macros ...
  finished :Prep
Writing EDIF netlist file IO_Processor.edif ...
ngc2edif: Total memory usage is 90144 kilobytes

Release 14.7 - ngc2edif P.20131013 (nt64)
Copyright (c) 1995-2013 Xilinx, Inc.  All rights reserved.
Reading design IOcounter4.ngc ...
WARNING:NetListWriters:298 - No output is written to IOcounter4.xncf, ignored.
Processing design ...
   Preping design's networks ...
   Preping design's macros ...
  finished :Prep
Writing EDIF netlist file IOcounter4.edif ...
ngc2edif: Total memory usage is 90144 kilobytes

Release 14.7 - ngc2edif P.20131013 (nt64)
Copyright (c) 1995-2013 Xilinx, Inc.  All rights reserved.
Reading design dualportMem.ngc ...
WARNING:NetListWriters:298 - No output is written to dualportMem.xncf, ignored.
Processing design ...
   Preping design's networks ...
   Preping design's macros ...
  finished :Prep
Writing EDIF netlist file dualportMem.edif ...
ngc2edif: Total memory usage is 86048 kilobytes

Release 14.7 - ngc2edif P.20131013 (nt64)
Copyright (c) 1995-2013 Xilinx, Inc.  All rights reserved.
Reading design debounce_counter.ngc ...
WARNING:NetListWriters:298 - No output is written to debounce_counter.xncf,
   ignored.
Processing design ...
   Preping design's networks ...
   Preping design's macros ...
  finished :Prep
Writing EDIF netlist file debounce_counter.edif ...
ngc2edif: Total memory usage is 90144 kilobytes

