Release 14.7 Map P.20131013 (nt64)
Xilinx Mapping Report File for Design 'Processor_Integration_3'

Design Information
------------------
Command Line   : map -intstyle ise -p xc3s500e-fg320-4 -cm area -ir off -pr off
-c 100 -o Processor_Integration_3_map.ncd Processor_Integration_3.ngd
Processor_Integration_3.pcf 
Target Device  : xc3s500e
Target Package : fg320
Target Speed   : -4
Mapper Version : spartan3e -- $Revision: 1.55 $
Mapped Date    : Mon Oct 30 18:04:44 2017

Design Summary
--------------
Number of errors:      0
Number of warnings:    0
Logic Utilization:
  Number of Slice Flip Flops:           304 out of   9,312    3%
  Number of 4 input LUTs:               448 out of   9,312    4%
Logic Distribution:
  Number of occupied Slices:            355 out of   4,656    7%
    Number of Slices containing only related logic:     355 out of     355 100%
    Number of Slices containing unrelated logic:          0 out of     355   0%
      *See NOTES below for an explanation of the effects of unrelated logic.
  Total Number of 4 input LUTs:         448 out of   9,312    4%
  Number of bonded IOBs:                131 out of     232   56%
  Number of BUFGMUXs:                     1 out of      24    4%

Average Fanout of Non-Clock Nets:                3.49

Peak Memory Usage:  330 MB
Total REAL time to MAP completion:  4 secs 
Total CPU time to MAP completion:   1 secs 

NOTES:

   Related logic is defined as being logic that shares connectivity - e.g. two
   LUTs are "related" if they share common inputs.  When assembling slices,
   Map gives priority to combine logic that is related.  Doing so results in
   the best timing performance.

   Unrelated logic shares no connectivity.  Map will only begin packing
   unrelated logic into a slice once 99% of the slices are occupied through
   related logic packing.

   Note that once logic distribution reaches the 99% level through related
   logic packing, this does not mean the device is completely utilized.
   Unrelated logic packing will then begin, continuing until all usable LUTs
   and FFs are occupied.  Depending on your timing budget, increased levels of
   unrelated logic packing may adversely affect the overall timing performance
   of your design.

Table of Contents
-----------------
Section 1 - Errors
Section 2 - Warnings
Section 3 - Informational
Section 4 - Removed Logic Summary
Section 5 - Removed Logic
Section 6 - IOB Properties
Section 7 - RPMs
Section 8 - Guide Report
Section 9 - Area Group and Partition Summary
Section 10 - Timing Report
Section 11 - Configuration String Information
Section 12 - Control Set Information
Section 13 - Utilization by Hierarchy

Section 1 - Errors
------------------

Section 2 - Warnings
--------------------
WARNING:Security:43 - No license file was found in the standard Xilinx license
directory.
WARNING:Security:44 - Since no license file was found,
WARNING:Security:42 - Your software subscription period has lapsed. Your current
version of Xilinx tools will continue to function, but you no longer qualify for
Xilinx software updates or new releases.

Section 3 - Informational
-------------------------
INFO:Security:50 - The XILINXD_LICENSE_FILE environment variable is set to
'2100@ise.csse.rose-hulman.edu'.
INFO:Security:53 - The LM_LICENSE_FILE environment variable is not set.
INFO:Security:54 - 'xc3s500e' is a WebPack part.
INFO:MapLib:562 - No environment variables are currently set.
INFO:LIT:244 - All of the single ended outputs in this design are using slew
   rate limited output drivers. The delay on speed critical single ended outputs
   can be dramatically reduced by designating them as fast outputs.

Section 4 - Removed Logic Summary
---------------------------------
   1 block(s) optimized away

Section 5 - Removed Logic
-------------------------

Optimized Block(s):
TYPE 		BLOCK
GND 		XLXI_19

To enable printing of redundant blocks removed and signals merged, set the
detailed map report option and rerun map.

Section 6 - IOB Properties
--------------------------

+---------------------------------------------------------------------------------------------------------------------------------------------------------+
| IOB Name                           | Type             | Direction | IO Standard          | Diff  | Drive    | Slew | Reg (s)      | Resistor | IOB      |
|                                    |                  |           |                      | Term  | Strength | Rate |              |          | Delay    |
+---------------------------------------------------------------------------------------------------------------------------------------------------------+
| A<0>                               | IOB              | OUTPUT    | LVCMOS25             |       | 12       | SLOW |              |          | 0 / 0    |
| A<1>                               | IOB              | OUTPUT    | LVCMOS25             |       | 12       | SLOW |              |          | 0 / 0    |
| A<2>                               | IOB              | OUTPUT    | LVCMOS25             |       | 12       | SLOW |              |          | 0 / 0    |
| A<3>                               | IOB              | OUTPUT    | LVCMOS25             |       | 12       | SLOW |              |          | 0 / 0    |
| A<4>                               | IOB              | OUTPUT    | LVCMOS25             |       | 12       | SLOW |              |          | 0 / 0    |
| A<5>                               | IOB              | OUTPUT    | LVCMOS25             |       | 12       | SLOW |              |          | 0 / 0    |
| A<6>                               | IOB              | OUTPUT    | LVCMOS25             |       | 12       | SLOW |              |          | 0 / 0    |
| A<7>                               | IOB              | OUTPUT    | LVCMOS25             |       | 12       | SLOW |              |          | 0 / 0    |
| A<8>                               | IOB              | OUTPUT    | LVCMOS25             |       | 12       | SLOW |              |          | 0 / 0    |
| A<9>                               | IOB              | OUTPUT    | LVCMOS25             |       | 12       | SLOW |              |          | 0 / 0    |
| A<10>                              | IOB              | OUTPUT    | LVCMOS25             |       | 12       | SLOW |              |          | 0 / 0    |
| A<11>                              | IOB              | OUTPUT    | LVCMOS25             |       | 12       | SLOW |              |          | 0 / 0    |
| A<12>                              | IOB              | OUTPUT    | LVCMOS25             |       | 12       | SLOW |              |          | 0 / 0    |
| A<13>                              | IOB              | OUTPUT    | LVCMOS25             |       | 12       | SLOW |              |          | 0 / 0    |
| A<14>                              | IOB              | OUTPUT    | LVCMOS25             |       | 12       | SLOW |              |          | 0 / 0    |
| A<15>                              | IOB              | OUTPUT    | LVCMOS25             |       | 12       | SLOW |              |          | 0 / 0    |
| ALUOutWrite                        | IBUF             | INPUT     | LVCMOS25             |       |          |      |              |          | 0 / 0    |
| ALUOut_output<0>                   | IOB              | OUTPUT    | LVCMOS25             |       | 12       | SLOW |              |          | 0 / 0    |
| ALUOut_output<1>                   | IOB              | OUTPUT    | LVCMOS25             |       | 12       | SLOW |              |          | 0 / 0    |
| ALUOut_output<2>                   | IOB              | OUTPUT    | LVCMOS25             |       | 12       | SLOW |              |          | 0 / 0    |
| ALUOut_output<3>                   | IOB              | OUTPUT    | LVCMOS25             |       | 12       | SLOW |              |          | 0 / 0    |
| ALUOut_output<4>                   | IOB              | OUTPUT    | LVCMOS25             |       | 12       | SLOW |              |          | 0 / 0    |
| ALUOut_output<5>                   | IOB              | OUTPUT    | LVCMOS25             |       | 12       | SLOW |              |          | 0 / 0    |
| ALUOut_output<6>                   | IOB              | OUTPUT    | LVCMOS25             |       | 12       | SLOW |              |          | 0 / 0    |
| ALUOut_output<7>                   | IOB              | OUTPUT    | LVCMOS25             |       | 12       | SLOW |              |          | 0 / 0    |
| ALUOut_output<8>                   | IOB              | OUTPUT    | LVCMOS25             |       | 12       | SLOW |              |          | 0 / 0    |
| ALUOut_output<9>                   | IOB              | OUTPUT    | LVCMOS25             |       | 12       | SLOW |              |          | 0 / 0    |
| ALUOut_output<10>                  | IOB              | OUTPUT    | LVCMOS25             |       | 12       | SLOW |              |          | 0 / 0    |
| ALUOut_output<11>                  | IOB              | OUTPUT    | LVCMOS25             |       | 12       | SLOW |              |          | 0 / 0    |
| ALUOut_output<12>                  | IOB              | OUTPUT    | LVCMOS25             |       | 12       | SLOW |              |          | 0 / 0    |
| ALUOut_output<13>                  | IOB              | OUTPUT    | LVCMOS25             |       | 12       | SLOW |              |          | 0 / 0    |
| ALUOut_output<14>                  | IOB              | OUTPUT    | LVCMOS25             |       | 12       | SLOW |              |          | 0 / 0    |
| ALUOut_output<15>                  | IOB              | OUTPUT    | LVCMOS25             |       | 12       | SLOW |              |          | 0 / 0    |
| ALU_output<0>                      | IOB              | OUTPUT    | LVCMOS25             |       | 12       | SLOW |              |          | 0 / 0    |
| ALU_output<1>                      | IOB              | OUTPUT    | LVCMOS25             |       | 12       | SLOW |              |          | 0 / 0    |
| ALU_output<2>                      | IOB              | OUTPUT    | LVCMOS25             |       | 12       | SLOW |              |          | 0 / 0    |
| ALU_output<3>                      | IOB              | OUTPUT    | LVCMOS25             |       | 12       | SLOW |              |          | 0 / 0    |
| ALU_output<4>                      | IOB              | OUTPUT    | LVCMOS25             |       | 12       | SLOW |              |          | 0 / 0    |
| ALU_output<5>                      | IOB              | OUTPUT    | LVCMOS25             |       | 12       | SLOW |              |          | 0 / 0    |
| ALU_output<6>                      | IOB              | OUTPUT    | LVCMOS25             |       | 12       | SLOW |              |          | 0 / 0    |
| ALU_output<7>                      | IOB              | OUTPUT    | LVCMOS25             |       | 12       | SLOW |              |          | 0 / 0    |
| ALU_output<8>                      | IOB              | OUTPUT    | LVCMOS25             |       | 12       | SLOW |              |          | 0 / 0    |
| ALU_output<9>                      | IOB              | OUTPUT    | LVCMOS25             |       | 12       | SLOW |              |          | 0 / 0    |
| ALU_output<10>                     | IOB              | OUTPUT    | LVCMOS25             |       | 12       | SLOW |              |          | 0 / 0    |
| ALU_output<11>                     | IOB              | OUTPUT    | LVCMOS25             |       | 12       | SLOW |              |          | 0 / 0    |
| ALU_output<12>                     | IOB              | OUTPUT    | LVCMOS25             |       | 12       | SLOW |              |          | 0 / 0    |
| ALU_output<13>                     | IOB              | OUTPUT    | LVCMOS25             |       | 12       | SLOW |              |          | 0 / 0    |
| ALU_output<14>                     | IOB              | OUTPUT    | LVCMOS25             |       | 12       | SLOW |              |          | 0 / 0    |
| ALU_output<15>                     | IOB              | OUTPUT    | LVCMOS25             |       | 12       | SLOW |              |          | 0 / 0    |
| ALUcontrol<0>                      | IBUF             | INPUT     | LVCMOS25             |       |          |      |              |          | 0 / 0    |
| ALUcontrol<1>                      | IBUF             | INPUT     | LVCMOS25             |       |          |      |              |          | 0 / 0    |
| ALUcontrol<2>                      | IBUF             | INPUT     | LVCMOS25             |       |          |      |              |          | 0 / 0    |
| Asel                               | IBUF             | INPUT     | LVCMOS25             |       |          |      |              |          | 0 / 0    |
| Awrite                             | IBUF             | INPUT     | LVCMOS25             |       |          |      |              |          | 0 / 0    |
| B<0>                               | IOB              | OUTPUT    | LVCMOS25             |       | 12       | SLOW |              |          | 0 / 0    |
| B<1>                               | IOB              | OUTPUT    | LVCMOS25             |       | 12       | SLOW |              |          | 0 / 0    |
| B<2>                               | IOB              | OUTPUT    | LVCMOS25             |       | 12       | SLOW |              |          | 0 / 0    |
| B<3>                               | IOB              | OUTPUT    | LVCMOS25             |       | 12       | SLOW |              |          | 0 / 0    |
| B<4>                               | IOB              | OUTPUT    | LVCMOS25             |       | 12       | SLOW |              |          | 0 / 0    |
| B<5>                               | IOB              | OUTPUT    | LVCMOS25             |       | 12       | SLOW |              |          | 0 / 0    |
| B<6>                               | IOB              | OUTPUT    | LVCMOS25             |       | 12       | SLOW |              |          | 0 / 0    |
| B<7>                               | IOB              | OUTPUT    | LVCMOS25             |       | 12       | SLOW |              |          | 0 / 0    |
| B<8>                               | IOB              | OUTPUT    | LVCMOS25             |       | 12       | SLOW |              |          | 0 / 0    |
| B<9>                               | IOB              | OUTPUT    | LVCMOS25             |       | 12       | SLOW |              |          | 0 / 0    |
| B<10>                              | IOB              | OUTPUT    | LVCMOS25             |       | 12       | SLOW |              |          | 0 / 0    |
| B<11>                              | IOB              | OUTPUT    | LVCMOS25             |       | 12       | SLOW |              |          | 0 / 0    |
| B<12>                              | IOB              | OUTPUT    | LVCMOS25             |       | 12       | SLOW |              |          | 0 / 0    |
| B<13>                              | IOB              | OUTPUT    | LVCMOS25             |       | 12       | SLOW |              |          | 0 / 0    |
| B<14>                              | IOB              | OUTPUT    | LVCMOS25             |       | 12       | SLOW |              |          | 0 / 0    |
| B<15>                              | IOB              | OUTPUT    | LVCMOS25             |       | 12       | SLOW |              |          | 0 / 0    |
| Bsel                               | IBUF             | INPUT     | LVCMOS25             |       |          |      |              |          | 0 / 0    |
| Bwrite                             | IBUF             | INPUT     | LVCMOS25             |       |          |      |              |          | 0 / 0    |
| Clock                              | IBUF             | INPUT     | LVCMOS25             |       |          |      |              |          | 0 / 0    |
| Data_In<0>                         | IBUF             | INPUT     | LVCMOS25             |       |          |      |              |          | 0 / 0    |
| Data_In<1>                         | IBUF             | INPUT     | LVCMOS25             |       |          |      |              |          | 0 / 0    |
| Data_In<2>                         | IBUF             | INPUT     | LVCMOS25             |       |          |      |              |          | 0 / 0    |
| Data_In<3>                         | IBUF             | INPUT     | LVCMOS25             |       |          |      |              |          | 0 / 0    |
| Data_In<4>                         | IBUF             | INPUT     | LVCMOS25             |       |          |      |              |          | 0 / 0    |
| Data_In<5>                         | IBUF             | INPUT     | LVCMOS25             |       |          |      |              |          | 0 / 0    |
| Data_In<6>                         | IBUF             | INPUT     | LVCMOS25             |       |          |      |              |          | 0 / 0    |
| Data_In<7>                         | IBUF             | INPUT     | LVCMOS25             |       |          |      |              |          | 0 / 0    |
| Data_In<8>                         | IBUF             | INPUT     | LVCMOS25             |       |          |      |              |          | 0 / 0    |
| Data_In<9>                         | IBUF             | INPUT     | LVCMOS25             |       |          |      |              |          | 0 / 0    |
| Data_In<10>                        | IBUF             | INPUT     | LVCMOS25             |       |          |      |              |          | 0 / 0    |
| Data_In<11>                        | IBUF             | INPUT     | LVCMOS25             |       |          |      |              |          | 0 / 0    |
| Data_In<12>                        | IBUF             | INPUT     | LVCMOS25             |       |          |      |              |          | 0 / 0    |
| Data_In<13>                        | IBUF             | INPUT     | LVCMOS25             |       |          |      |              |          | 0 / 0    |
| Data_In<14>                        | IBUF             | INPUT     | LVCMOS25             |       |          |      |              |          | 0 / 0    |
| Data_In<15>                        | IBUF             | INPUT     | LVCMOS25             |       |          |      |              |          | 0 / 0    |
| IR<0>                              | IOB              | OUTPUT    | LVCMOS25             |       | 12       | SLOW |              |          | 0 / 0    |
| IR<1>                              | IOB              | OUTPUT    | LVCMOS25             |       | 12       | SLOW |              |          | 0 / 0    |
| IR<2>                              | IOB              | OUTPUT    | LVCMOS25             |       | 12       | SLOW |              |          | 0 / 0    |
| IR<3>                              | IOB              | OUTPUT    | LVCMOS25             |       | 12       | SLOW |              |          | 0 / 0    |
| IR<4>                              | IOB              | OUTPUT    | LVCMOS25             |       | 12       | SLOW |              |          | 0 / 0    |
| IR<5>                              | IOB              | OUTPUT    | LVCMOS25             |       | 12       | SLOW |              |          | 0 / 0    |
| IR<6>                              | IOB              | OUTPUT    | LVCMOS25             |       | 12       | SLOW |              |          | 0 / 0    |
| IR<7>                              | IOB              | OUTPUT    | LVCMOS25             |       | 12       | SLOW |              |          | 0 / 0    |
| IR<8>                              | IOB              | OUTPUT    | LVCMOS25             |       | 12       | SLOW |              |          | 0 / 0    |
| IR<9>                              | IOB              | OUTPUT    | LVCMOS25             |       | 12       | SLOW |              |          | 0 / 0    |
| IR<10>                             | IOB              | OUTPUT    | LVCMOS25             |       | 12       | SLOW |              |          | 0 / 0    |
| IR<11>                             | IOB              | OUTPUT    | LVCMOS25             |       | 12       | SLOW |              |          | 0 / 0    |
| IR<12>                             | IOB              | OUTPUT    | LVCMOS25             |       | 12       | SLOW |              |          | 0 / 0    |
| IR<13>                             | IOB              | OUTPUT    | LVCMOS25             |       | 12       | SLOW |              |          | 0 / 0    |
| IR<14>                             | IOB              | OUTPUT    | LVCMOS25             |       | 12       | SLOW |              |          | 0 / 0    |
| IR<15>                             | IOB              | OUTPUT    | LVCMOS25             |       | 12       | SLOW |              |          | 0 / 0    |
| IR_Write                           | IBUF             | INPUT     | LVCMOS25             |       |          |      |              |          | 0 / 0    |
| ItypeSel                           | IBUF             | INPUT     | LVCMOS25             |       |          |      |              |          | 0 / 0    |
| isZero                             | IOB              | OUTPUT    | LVCMOS25             |       | 12       | SLOW |              |          | 0 / 0    |
| iszero_write                       | IBUF             | INPUT     | LVCMOS25             |       |          |      |              |          | 0 / 0    |
| overflow_out                       | IOB              | OUTPUT    | LVCMOS25             |       | 12       | SLOW |              |          | 0 / 0    |
| reg_write                          | IBUF             | INPUT     | LVCMOS25             |       |          |      |              |          | 0 / 0    |
| write_Data<0>                      | IBUF             | INPUT     | LVCMOS25             |       |          |      |              |          | 0 / 0    |
| write_Data<1>                      | IBUF             | INPUT     | LVCMOS25             |       |          |      |              |          | 0 / 0    |
| write_Data<2>                      | IBUF             | INPUT     | LVCMOS25             |       |          |      |              |          | 0 / 0    |
| write_Data<3>                      | IBUF             | INPUT     | LVCMOS25             |       |          |      |              |          | 0 / 0    |
| write_Data<4>                      | IBUF             | INPUT     | LVCMOS25             |       |          |      |              |          | 0 / 0    |
| write_Data<5>                      | IBUF             | INPUT     | LVCMOS25             |       |          |      |              |          | 0 / 0    |
| write_Data<6>                      | IBUF             | INPUT     | LVCMOS25             |       |          |      |              |          | 0 / 0    |
| write_Data<7>                      | IBUF             | INPUT     | LVCMOS25             |       |          |      |              |          | 0 / 0    |
| write_Data<8>                      | IBUF             | INPUT     | LVCMOS25             |       |          |      |              |          | 0 / 0    |
| write_Data<9>                      | IBUF             | INPUT     | LVCMOS25             |       |          |      |              |          | 0 / 0    |
| write_Data<10>                     | IBUF             | INPUT     | LVCMOS25             |       |          |      |              |          | 0 / 0    |
| write_Data<11>                     | IBUF             | INPUT     | LVCMOS25             |       |          |      |              |          | 0 / 0    |
| write_Data<12>                     | IBUF             | INPUT     | LVCMOS25             |       |          |      |              |          | 0 / 0    |
| write_Data<13>                     | IBUF             | INPUT     | LVCMOS25             |       |          |      |              |          | 0 / 0    |
| write_Data<14>                     | IBUF             | INPUT     | LVCMOS25             |       |          |      |              |          | 0 / 0    |
| write_Data<15>                     | IBUF             | INPUT     | LVCMOS25             |       |          |      |              |          | 0 / 0    |
| write_address<0>                   | IBUF             | INPUT     | LVCMOS25             |       |          |      |              |          | 0 / 0    |
| write_address<1>                   | IBUF             | INPUT     | LVCMOS25             |       |          |      |              |          | 0 / 0    |
| write_address<2>                   | IBUF             | INPUT     | LVCMOS25             |       |          |      |              |          | 0 / 0    |
| write_address<3>                   | IBUF             | INPUT     | LVCMOS25             |       |          |      |              |          | 0 / 0    |
+---------------------------------------------------------------------------------------------------------------------------------------------------------+

Section 7 - RPMs
----------------

Section 8 - Guide Report
------------------------
Guide not run on this design.

Section 9 - Area Group and Partition Summary
--------------------------------------------

Partition Implementation Status
-------------------------------

  No Partitions were found in this design.

-------------------------------

Area Group Information
----------------------

  No area groups were found in this design.

----------------------

Section 10 - Timing Report
--------------------------
This design was not run using timing mode.

Section 11 - Configuration String Details
-----------------------------------------
Use the "-detail" map option to print out Configuration Strings

Section 12 - Control Set Information
------------------------------------
No control set information for this architecture.

Section 13 - Utilization by Hierarchy
-------------------------------------
Use the "-detail" map option to print out the Utilization by Hierarchy section.
